<?xml version="1.0" encoding="UTF-8"?>
<testsuite name="com.simplechat.backend.SimplechatBackendApplicationTests" tests="1" skipped="0" failures="0" errors="0" timestamp="2025-10-28T17:15:54.432Z" hostname="PRO-240.lan" time="0.257">
  <properties/>
  <testcase name="contextLoads()" classname="com.simplechat.backend.SimplechatBackendApplicationTests" time="0.257"/>
  <system-out><![CDATA[19:15:52.156 [Test worker] INFO org.springframework.test.context.support.AnnotationConfigContextLoaderUtils -- Could not detect default configuration classes for test class [com.simplechat.backend.SimplechatBackendApplicationTests]: SimplechatBackendApplicationTests does not declare any static, non-private, non-final, nested classes annotated with @Configuration.
19:15:52.207 [Test worker] INFO org.springframework.boot.test.context.SpringBootTestContextBootstrapper -- Found @SpringBootConfiguration com.simplechat.backend.SimplechatBackendApplication for test class com.simplechat.backend.SimplechatBackendApplicationTests

  .   ____          _            __ _ _
 /\\ / ___'_ __ _ _(_)_ __  __ _ \ \ \ \
( ( )\___ | '_ | '_| | '_ \/ _` | \ \ \ \
 \\/  ___)| |_)| | | | | || (_| |  ) ) ) )
  '  |____| .__|_| |_|_| |_\__, | / / / /
 =========|_|==============|___/=/_/_/_/

 :: Spring Boot ::                (v3.5.6)

2025-10-28T19:15:52.523+02:00  INFO 35446 --- [    Test worker] c.s.b.SimplechatBackendApplicationTests  : Starting SimplechatBackendApplicationTests using Java 17.0.16 with PID 35446 (started by raimond in /Users/raimond/personal-projects/simple-chat)
2025-10-28T19:15:52.524+02:00  INFO 35446 --- [    Test worker] c.s.b.SimplechatBackendApplicationTests  : No active profile set, falling back to 1 default profile: "default"
2025-10-28T19:15:52.845+02:00  INFO 35446 --- [    Test worker] .s.d.r.c.RepositoryConfigurationDelegate : Bootstrapping Spring Data JPA repositories in DEFAULT mode.
2025-10-28T19:15:52.871+02:00  INFO 35446 --- [    Test worker] .s.d.r.c.RepositoryConfigurationDelegate : Finished Spring Data repository scanning in 22 ms. Found 2 JPA repository interfaces.
2025-10-28T19:15:53.073+02:00  INFO 35446 --- [    Test worker] o.hibernate.jpa.internal.util.LogHelper  : HHH000204: Processing PersistenceUnitInfo [name: default]
2025-10-28T19:15:53.095+02:00  INFO 35446 --- [    Test worker] org.hibernate.Version                    : HHH000412: Hibernate ORM core version 6.6.29.Final
2025-10-28T19:15:53.111+02:00  INFO 35446 --- [    Test worker] o.h.c.internal.RegionFactoryInitiator    : HHH000026: Second-level cache disabled
2025-10-28T19:15:53.233+02:00  INFO 35446 --- [    Test worker] o.s.o.j.p.SpringPersistenceUnitInfo      : No LoadTimeWeaver setup: ignoring JPA class transformer
2025-10-28T19:15:53.248+02:00  INFO 35446 --- [    Test worker] com.zaxxer.hikari.HikariDataSource       : HikariPool-1 - Starting...
2025-10-28T19:15:53.363+02:00  INFO 35446 --- [    Test worker] com.zaxxer.hikari.pool.HikariPool        : HikariPool-1 - Added connection org.postgresql.jdbc.PgConnection@3caf5c96
2025-10-28T19:15:53.364+02:00  INFO 35446 --- [    Test worker] com.zaxxer.hikari.HikariDataSource       : HikariPool-1 - Start completed.
2025-10-28T19:15:53.387+02:00  WARN 35446 --- [    Test worker] org.hibernate.orm.deprecation            : HHH90000025: PostgreSQLDialect does not need to be specified explicitly using 'hibernate.dialect' (remove the property setting and it will be selected by default)
2025-10-28T19:15:53.399+02:00  INFO 35446 --- [    Test worker] org.hibernate.orm.connections.pooling    : HHH10001005: Database info:
	Database JDBC URL [Connecting through datasource 'HikariDataSource (HikariPool-1)']
	Database driver: undefined/unknown
	Database version: 18.0
	Autocommit mode: undefined/unknown
	Isolation level: undefined/unknown
	Minimum pool size: undefined/unknown
	Maximum pool size: undefined/unknown
2025-10-28T19:15:53.771+02:00  INFO 35446 --- [    Test worker] o.h.e.t.j.p.i.JtaPlatformInitiator       : HHH000489: No JTA platform available (set 'hibernate.transaction.jta.platform' to enable JTA platform integration)
2025-10-28T19:15:53.861+02:00  INFO 35446 --- [    Test worker] j.LocalContainerEntityManagerFactoryBean : Initialized JPA EntityManagerFactory for persistence unit 'default'
2025-10-28T19:15:53.993+02:00  INFO 35446 --- [    Test worker] eAuthenticationProviderManagerConfigurer : Global AuthenticationManager configured with AuthenticationProvider bean with name authenticationProvider
2025-10-28T19:15:53.993+02:00  WARN 35446 --- [    Test worker] r$InitializeUserDetailsManagerConfigurer : Global AuthenticationManager configured with an AuthenticationProvider bean. UserDetailsService beans will not be used by Spring Security for automatically configuring username/password login. Consider removing the AuthenticationProvider bean. Alternatively, consider using the UserDetailsService in a manually instantiated DaoAuthenticationProvider. If the current configuration is intentional, to turn off this warning, increase the logging level of 'org.springframework.security.config.annotation.authentication.configuration.InitializeUserDetailsBeanManagerConfigurer' to ERROR
2025-10-28T19:15:54.006+02:00  WARN 35446 --- [    Test worker] JpaBaseConfiguration$JpaWebConfiguration : spring.jpa.open-in-view is enabled by default. Therefore, database queries may be performed during view rendering. Explicitly configure spring.jpa.open-in-view to disable this warning
2025-10-28T19:15:54.419+02:00  INFO 35446 --- [    Test worker] o.s.m.s.b.SimpleBrokerMessageHandler     : Starting...
2025-10-28T19:15:54.420+02:00  INFO 35446 --- [    Test worker] o.s.m.s.b.SimpleBrokerMessageHandler     : BrokerAvailabilityEvent[available=true, SimpleBrokerMessageHandler [org.springframework.messaging.simp.broker.DefaultSubscriptionRegistry@42ceb67f]]
2025-10-28T19:15:54.420+02:00  INFO 35446 --- [    Test worker] o.s.m.s.b.SimpleBrokerMessageHandler     : Started.
2025-10-28T19:15:54.425+02:00  INFO 35446 --- [    Test worker] c.s.b.SimplechatBackendApplicationTests  : Started SimplechatBackendApplicationTests in 2.148 seconds (process running for 2.709)
]]></system-out>
  <system-err><![CDATA[]]></system-err>
</testsuite>
